# JRE version: OpenJDK Runtime Environment Temurin-21.0.7+6 (21.0.7+6) (build 21.0.7+6-LTS)
# Java VM: OpenJDK 64-Bit Server VM Temurin-21.0.7+6 (21.0.7+6-LTS, mixed mode, sharing, tiered, compressed oops, compressed class ptrs, parallel gc, windows-amd64)
GC Precious Log:
 CardTable entry size: 512
 CPUs: 16 total, 16 available
 Memory: 16121M
 Large Page Support: Disabled
 NUMA Support: Disabled
 Compressed Oops: Enabled (32-bit)
 Alignments: Space 512K, Generation 512K, Heap 2M
 Heap Min Capacity: 100M
 Heap Initial Capacity: 100M
 Heap Max Capacity: 1G
 Pre-touch: Disabled
 Parallel Workers: 13
Heap:
 PSYoungGen      total 15872K, used 11059K [0x00000000eab00000, 0x00000000ebf00000, 0x0000000100000000)
  eden space 14848K, 67% used [0x00000000eab00000,0x00000000eb4cce78,0x00000000eb980000)
  from space 1024K, 99% used [0x00000000ebe00000,0x00000000ebeffed0,0x00000000ebf00000)
  to   space 2048K, 0% used [0x00000000ebb00000,0x00000000ebb00000,0x00000000ebd00000)
 ParOldGen       total 685568K, used 685496K [0x00000000c0000000, 0x00000000e9d80000, 0x00000000eab00000)
  object space 685568K, 99% used [0x00000000c0000000,0x00000000e9d6e3f8,0x00000000e9d80000)
 Metaspace       used 96288K, committed 97856K, reserved 1179648K
  class space    used 9557K, committed 10304K, reserved 1048576K
GC Heap History (20 events):
Event: 7379.504 GC heap before
{Heap before GC invocations=3160 (full 6):
 PSYoungGen      total 15872K, used 15636K [0x00000000eab00000, 0x00000000ec180000, 0x0000000100000000)
  eden space 14848K, 100% used [0x00000000eab00000,0x00000000eb980000,0x00000000eb980000)
  from space 1024K, 77% used [0x00000000ec080000,0x00000000ec145210,0x00000000ec180000)
  to   space 3072K, 0% used [0x00000000ebb80000,0x00000000ebb80000,0x00000000ebe80000)
 ParOldGen       total 682496K, used 682116K [0x00000000c0000000, 0x00000000e9a80000, 0x00000000eab00000)
  object space 682496K, 99% used [0x00000000c0000000,0x00000000e9a21140,0x00000000e9a80000)
 Metaspace       used 93856K, committed 95616K, reserved 1179648K
  class space    used 9322K, committed 10240K, reserved 1048576K
}
Event: 7379.505 GC heap after
{Heap after GC invocations=3160 (full 6):
 PSYoungGen      total 17920K, used 730K [0x00000000eab00000, 0x00000000ec100000, 0x0000000100000000)
  eden space 14848K, 0% used [0x00000000eab00000,0x00000000eab00000,0x00000000eb980000)
  from space 3072K, 23% used [0x00000000ebb80000,0x00000000ebc36900,0x00000000ebe80000)
  to   space 1536K, 0% used [0x00000000ebf80000,0x00000000ebf80000,0x00000000ec100000)
 ParOldGen       total 682496K, used 682364K [0x00000000c0000000, 0x00000000e9a80000, 0x00000000eab00000)
  object space 682496K, 99% used [0x00000000c0000000,0x00000000e9a5f150,0x00000000e9a80000)
 Metaspace       used 93856K, committed 95616K, reserved 1179648K
  class space    used 9322K, committed 10240K, reserved 1048576K
}
Event: 7379.522 GC heap before
{Heap before GC invocations=3161 (full 6):
 PSYoungGen      total 17920K, used 15578K [0x00000000eab00000, 0x00000000ec100000, 0x0000000100000000)
  eden space 14848K, 100% used [0x00000000eab00000,0x00000000eb980000,0x00000000eb980000)
  from space 3072K, 23% used [0x00000000ebb80000,0x00000000ebc36900,0x00000000ebe80000)
  to   space 1536K, 0% used [0x00000000ebf80000,0x00000000ebf80000,0x00000000ec100000)
 ParOldGen       total 682496K, used 682364K [0x00000000c0000000, 0x00000000e9a80000, 0x00000000eab00000)
  object space 682496K, 99% used [0x00000000c0000000,0x00000000e9a5f150,0x00000000e9a80000)
 Metaspace       used 93856K, committed 95616K, reserved 1179648K
  class space    used 9322K, committed 10240K, reserved 1048576K
}
Event: 7379.523 GC heap after
{Heap after GC invocations=3161 (full 6):
 PSYoungGen      total 15360K, used 474K [0x00000000eab00000, 0x00000000ec000000, 0x0000000100000000)
  eden space 14848K, 0% used [0x00000000eab00000,0x00000000eab00000,0x00000000eb980000)
  from space 512K, 92% used [0x00000000ebf80000,0x00000000ebff6900,0x00000000ec000000)
  to   space 1024K, 0% used [0x00000000ebe00000,0x00000000ebe00000,0x00000000ebf00000)
 ParOldGen       total 682496K, used 682372K [0x00000000c0000000, 0x00000000e9a80000, 0x00000000eab00000)
  object space 682496K, 99% used [0x00000000c0000000,0x00000000e9a61150,0x00000000e9a80000)
 Metaspace       used 93856K, committed 95616K, reserved 1179648K
  class space    used 9322K, committed 10240K, reserved 1048576K
}
Event: 7380.178 GC heap before
{Heap before GC invocations=3162 (full 6):
 PSYoungGen      total 15360K, used 15322K [0x00000000eab00000, 0x00000000ec000000, 0x0000000100000000)
  eden space 14848K, 100% used [0x00000000eab00000,0x00000000eb980000,0x00000000eb980000)
  from space 512K, 92% used [0x00000000ebf80000,0x00000000ebff6900,0x00000000ec000000)
  to   space 1024K, 0% used [0x00000000ebe00000,0x00000000ebe00000,0x00000000ebf00000)
 ParOldGen       total 682496K, used 682372K [0x00000000c0000000, 0x00000000e9a80000, 0x00000000eab00000)
  object space 682496K, 99% used [0x00000000c0000000,0x00000000e9a61150,0x00000000e9a80000)
 Metaspace       used 93858K, committed 95616K, reserved 1179648K
  class space    used 9322K, committed 10240K, reserved 1048576K
}
Event: 7380.180 GC heap after
{Heap after GC invocations=3162 (full 6):
 PSYoungGen      total 15872K, used 1018K [0x00000000eab00000, 0x00000000ec000000, 0x0000000100000000)
  eden space 14848K, 0% used [0x00000000eab00000,0x00000000eab00000,0x00000000eb980000)
  from space 1024K, 99% used [0x00000000ebe00000,0x00000000ebefe900,0x00000000ebf00000)
  to   space 1024K, 0% used [0x00000000ebf00000,0x00000000ebf00000,0x00000000ec000000)
 ParOldGen       total 682496K, used 682492K [0x00000000c0000000, 0x00000000e9a80000, 0x00000000eab00000)
  object space 682496K, 99% used [0x00000000c0000000,0x00000000e9a7f160,0x00000000e9a80000)
 Metaspace       used 93858K, committed 95616K, reserved 1179648K
  class space    used 9322K, committed 10240K, reserved 1048576K
}
Event: 7380.512 GC heap before
{Heap before GC invocations=3163 (full 6):
 PSYoungGen      total 15872K, used 15866K [0x00000000eab00000, 0x00000000ec000000, 0x0000000100000000)
  eden space 14848K, 100% used [0x00000000eab00000,0x00000000eb980000,0x00000000eb980000)
  from space 1024K, 99% used [0x00000000ebe00000,0x00000000ebefe900,0x00000000ebf00000)
  to   space 1024K, 0% used [0x00000000ebf00000,0x00000000ebf00000,0x00000000ec000000)
 ParOldGen       total 682496K, used 682492K [0x00000000c0000000, 0x00000000e9a80000, 0x00000000eab00000)
  object space 682496K, 99% used [0x00000000c0000000,0x00000000e9a7f160,0x00000000e9a80000)
 Metaspace       used 93858K, committed 95616K, reserved 1179648K
  class space    used 9322K, committed 10240K, reserved 1048576K
}
Event: 7380.513 GC heap after
{Heap after GC invocations=3163 (full 6):
 PSYoungGen      total 15872K, used 980K [0x00000000eab00000, 0x00000000ec000000, 0x0000000100000000)
  eden space 14848K, 0% used [0x00000000eab00000,0x00000000eab00000,0x00000000eb980000)
  from space 1024K, 95% used [0x00000000ebf00000,0x00000000ebff5200,0x00000000ec000000)
  to   space 1536K, 0% used [0x00000000ebd00000,0x00000000ebd00000,0x00000000ebe80000)
 ParOldGen       total 683520K, used 683475K [0x00000000c0000000, 0x00000000e9b80000, 0x00000000eab00000)
  object space 683520K, 99% used [0x00000000c0000000,0x00000000e9b74ca8,0x00000000e9b80000)
 Metaspace       used 93858K, committed 95616K, reserved 1179648K
  class space    used 9322K, committed 10240K, reserved 1048576K
}
Event: 7381.053 GC heap before
{Heap before GC invocations=3164 (full 6):
 PSYoungGen      total 15872K, used 15828K [0x00000000eab00000, 0x00000000ec000000, 0x0000000100000000)
  eden space 14848K, 100% used [0x00000000eab00000,0x00000000eb980000,0x00000000eb980000)
  from space 1024K, 95% used [0x00000000ebf00000,0x00000000ebff5200,0x00000000ec000000)
  to   space 1536K, 0% used [0x00000000ebd00000,0x00000000ebd00000,0x00000000ebe80000)
 ParOldGen       total 683520K, used 683475K [0x00000000c0000000, 0x00000000e9b80000, 0x00000000eab00000)
  object space 683520K, 99% used [0x00000000c0000000,0x00000000e9b74ca8,0x00000000e9b80000)
 Metaspace       used 93860K, committed 95616K, reserved 1179648K
  class space    used 9322K, committed 10240K, reserved 1048576K
}
Event: 7381.054 GC heap after
{Heap after GC invocations=3164 (full 6):
 PSYoungGen      total 16384K, used 890K [0x00000000eab00000, 0x00000000ebf80000, 0x0000000100000000)
  eden space 14848K, 0% used [0x00000000eab00000,0x00000000eab00000,0x00000000eb980000)
  from space 1536K, 57% used [0x00000000ebd00000,0x00000000ebdde900,0x00000000ebe80000)
  to   space 1024K, 0% used [0x00000000ebe80000,0x00000000ebe80000,0x00000000ebf80000)
 ParOldGen       total 684032K, used 683622K [0x00000000c0000000, 0x00000000e9c00000, 0x00000000eab00000)
  object space 684032K, 99% used [0x00000000c0000000,0x00000000e9b99b98,0x00000000e9c00000)
 Metaspace       used 93860K, committed 95616K, reserved 1179648K
  class space    used 9322K, committed 10240K, reserved 1048576K
}
Event: 7381.178 GC heap before
{Heap before GC invocations=3165 (full 6):
 PSYoungGen      total 16384K, used 15738K [0x00000000eab00000, 0x00000000ebf80000, 0x0000000100000000)
  eden space 14848K, 100% used [0x00000000eab00000,0x00000000eb980000,0x00000000eb980000)
  from space 1536K, 57% used [0x00000000ebd00000,0x00000000ebdde900,0x00000000ebe80000)
  to   space 1024K, 0% used [0x00000000ebe80000,0x00000000ebe80000,0x00000000ebf80000)
 ParOldGen       total 684032K, used 683622K [0x00000000c0000000, 0x00000000e9c00000, 0x00000000eab00000)
  object space 684032K, 99% used [0x00000000c0000000,0x00000000e9b99b98,0x00000000e9c00000)
 Metaspace       used 94803K, committed 96448K, reserved 1179648K
  class space    used 9443K, committed 10240K, reserved 1048576K
}
Event: 7381.180 GC heap after
{Heap after GC invocations=3165 (full 6):
 PSYoungGen      total 15872K, used 835K [0x00000000eab00000, 0x00000000ebf80000, 0x0000000100000000)
  eden space 14848K, 0% used [0x00000000eab00000,0x00000000eab00000,0x00000000eb980000)
  from space 1024K, 81% used [0x00000000ebe80000,0x00000000ebf50c30,0x00000000ebf80000)
  to   space 1024K, 0% used [0x00000000ebd80000,0x00000000ebd80000,0x00000000ebe80000)
 ParOldGen       total 684032K, used 683662K [0x00000000c0000000, 0x00000000e9c00000, 0x00000000eab00000)
  object space 684032K, 99% used [0x00000000c0000000,0x00000000e9ba3b98,0x00000000e9c00000)
 Metaspace       used 94803K, committed 96448K, reserved 1179648K
  class space    used 9443K, committed 10240K, reserved 1048576K
}
Event: 7381.255 GC heap before
{Heap before GC invocations=3166 (full 6):
 PSYoungGen      total 15872K, used 15683K [0x00000000eab00000, 0x00000000ebf80000, 0x0000000100000000)
  eden space 14848K, 100% used [0x00000000eab00000,0x00000000eb980000,0x00000000eb980000)
  from space 1024K, 81% used [0x00000000ebe80000,0x00000000ebf50c30,0x00000000ebf80000)
  to   space 1024K, 0% used [0x00000000ebd80000,0x00000000ebd80000,0x00000000ebe80000)
 ParOldGen       total 684032K, used 683662K [0x00000000c0000000, 0x00000000e9c00000, 0x00000000eab00000)
  object space 684032K, 99% used [0x00000000c0000000,0x00000000e9ba3b98,0x00000000e9c00000)
 Metaspace       used 95698K, committed 97280K, reserved 1179648K
  class space    used 9506K, committed 10240K, reserved 1048576K
}
Event: 7381.257 GC heap after
{Heap after GC invocations=3166 (full 6):
 PSYoungGen      total 15872K, used 672K [0x00000000eab00000, 0x00000000ebf00000, 0x0000000100000000)
  eden space 14848K, 0% used [0x00000000eab00000,0x00000000eab00000,0x00000000eb980000)
  from space 1024K, 65% used [0x00000000ebd80000,0x00000000ebe28000,0x00000000ebe80000)
  to   space 512K, 0% used [0x00000000ebe80000,0x00000000ebe80000,0x00000000ebf00000)
 ParOldGen       total 684544K, used 684140K [0x00000000c0000000, 0x00000000e9c80000, 0x00000000eab00000)
  object space 684544K, 99% used [0x00000000c0000000,0x00000000e9c1b3e8,0x00000000e9c80000)
 Metaspace       used 95698K, committed 97280K, reserved 1179648K
  class space    used 9506K, committed 10240K, reserved 1048576K
}
Event: 7381.298 GC heap before
{Heap before GC invocations=3167 (full 6):
 PSYoungGen      total 15872K, used 15520K [0x00000000eab00000, 0x00000000ebf00000, 0x0000000100000000)
  eden space 14848K, 100% used [0x00000000eab00000,0x00000000eb980000,0x00000000eb980000)
  from space 1024K, 65% used [0x00000000ebd80000,0x00000000ebe28000,0x00000000ebe80000)
  to   space 512K, 0% used [0x00000000ebe80000,0x00000000ebe80000,0x00000000ebf00000)
 ParOldGen       total 684544K, used 684140K [0x00000000c0000000, 0x00000000e9c80000, 0x00000000eab00000)
  object space 684544K, 99% used [0x00000000c0000000,0x00000000e9c1b3e8,0x00000000e9c80000)
 Metaspace       used 95821K, committed 97408K, reserved 1179648K
  class space    used 9506K, committed 10240K, reserved 1048576K
}
Event: 7381.299 GC heap after
{Heap after GC invocations=3167 (full 6):
 PSYoungGen      total 15360K, used 512K [0x00000000eab00000, 0x00000000ebf00000, 0x0000000100000000)
  eden space 14848K, 0% used [0x00000000eab00000,0x00000000eab00000,0x00000000eb980000)
  from space 512K, 100% used [0x00000000ebe80000,0x00000000ebf00000,0x00000000ebf00000)
  to   space 1024K, 0% used [0x00000000ebd00000,0x00000000ebd00000,0x00000000ebe00000)
 ParOldGen       total 685056K, used 684580K [0x00000000c0000000, 0x00000000e9d00000, 0x00000000eab00000)
  object space 685056K, 99% used [0x00000000c0000000,0x00000000e9c893e8,0x00000000e9d00000)
 Metaspace       used 95821K, committed 97408K, reserved 1179648K
  class space    used 9506K, committed 10240K, reserved 1048576K
}
Event: 7381.336 GC heap before
{Heap before GC invocations=3168 (full 6):
 PSYoungGen      total 15360K, used 15360K [0x00000000eab00000, 0x00000000ebf00000, 0x0000000100000000)
  eden space 14848K, 100% used [0x00000000eab00000,0x00000000eb980000,0x00000000eb980000)
  from space 512K, 100% used [0x00000000ebe80000,0x00000000ebf00000,0x00000000ebf00000)
  to   space 1024K, 0% used [0x00000000ebd00000,0x00000000ebd00000,0x00000000ebe00000)
 ParOldGen       total 685056K, used 684580K [0x00000000c0000000, 0x00000000e9d00000, 0x00000000eab00000)
  object space 685056K, 99% used [0x00000000c0000000,0x00000000e9c893e8,0x00000000e9d00000)
 Metaspace       used 95884K, committed 97472K, reserved 1179648K
  class space    used 9513K, committed 10240K, reserved 1048576K
}
Event: 7381.337 GC heap after
{Heap after GC invocations=3168 (full 6):
 PSYoungGen      total 15872K, used 608K [0x00000000eab00000, 0x00000000ebf00000, 0x0000000100000000)
  eden space 14848K, 0% used [0x00000000eab00000,0x00000000eab00000,0x00000000eb980000)
  from space 1024K, 59% used [0x00000000ebd00000,0x00000000ebd98000,0x00000000ebe00000)
  to   space 1024K, 0% used [0x00000000ebe00000,0x00000000ebe00000,0x00000000ebf00000)
 ParOldGen       total 685056K, used 685052K [0x00000000c0000000, 0x00000000e9d00000, 0x00000000eab00000)
  object space 685056K, 99% used [0x00000000c0000000,0x00000000e9cff3e8,0x00000000e9d00000)
 Metaspace       used 95884K, committed 97472K, reserved 1179648K
  class space    used 9513K, committed 10240K, reserved 1048576K
}
Event: 7381.428 GC heap before
{Heap before GC invocations=3169 (full 6):
 PSYoungGen      total 15872K, used 15456K [0x00000000eab00000, 0x00000000ebf00000, 0x0000000100000000)
  eden space 14848K, 100% used [0x00000000eab00000,0x00000000eb980000,0x00000000eb980000)
  from space 1024K, 59% used [0x00000000ebd00000,0x00000000ebd98000,0x00000000ebe00000)
  to   space 1024K, 0% used [0x00000000ebe00000,0x00000000ebe00000,0x00000000ebf00000)
 ParOldGen       total 685056K, used 685052K [0x00000000c0000000, 0x00000000e9d00000, 0x00000000eab00000)
  object space 685056K, 99% used [0x00000000c0000000,0x00000000e9cff3e8,0x00000000e9d00000)
 Metaspace       used 96284K, committed 97856K, reserved 1179648K
  class space    used 9557K, committed 10304K, reserved 1048576K
}
Event: 7381.430 GC heap after
{Heap after GC invocations=3169 (full 6):
 PSYoungGen      total 15872K, used 1023K [0x00000000eab00000, 0x00000000ebf00000, 0x0000000100000000)
  eden space 14848K, 0% used [0x00000000eab00000,0x00000000eab00000,0x00000000eb980000)
  from space 1024K, 99% used [0x00000000ebe00000,0x00000000ebeffed0,0x00000000ebf00000)
  to   space 2048K, 0% used [0x00000000ebb00000,0x00000000ebb00000,0x00000000ebd00000)
 ParOldGen       total 685568K, used 685496K [0x00000000c0000000, 0x00000000e9d80000, 0x00000000eab00000)
  object space 685568K, 99% used [0x00000000c0000000,0x00000000e9d6e3f8,0x00000000e9d80000)
 Metaspace       used 96284K, committed 97856K, reserved 1179648K
  class space    used 9557K, committed 10304K, reserved 1048576K
}

